# JRE version: OpenJDK Runtime Environment (11.0.10) (build 11.0.10+0-b96-7249189)
# Java VM: OpenJDK 64-Bit Server VM (11.0.10+0-b96-7249189, mixed mode, tiered, compressed oops, g1 gc, windows-amd64)
Heap:
 garbage-first heap   total 126976K, used 9062K [0x0000000085200000, 0x0000000100000000)
  region size 1024K, 2 young (2048K), 2 survivors (2048K)
 Metaspace       used 13723K, capacity 13923K, committed 14080K, reserved 1077248K
  class space    used 1589K, capacity 1686K, committed 1792K, reserved 1048576K
GC Heap History (6 events):
Event: 3.088 GC heap before
{Heap before GC invocations=0 (full 0):
 garbage-first heap   total 126976K, used 19456K [0x0000000085200000, 0x0000000100000000)
  region size 1024K, 14 young (14336K), 0 survivors (0K)
 Metaspace       used 8082K, capacity 8273K, committed 8576K, reserved 1056768K
  class space    used 738K, capacity 818K, committed 896K, reserved 1048576K
}
Event: 3.104 GC heap after
{Heap after GC invocations=1 (full 0):
 garbage-first heap   total 126976K, used 7769K [0x0000000085200000, 0x0000000100000000)
  region size 1024K, 2 young (2048K), 2 survivors (2048K)
 Metaspace       used 8082K, capacity 8273K, committed 8576K, reserved 1056768K
  class space    used 738K, capacity 818K, committed 896K, reserved 1048576K
}
Event: 4.305 GC heap before
{Heap before GC invocations=1 (full 0):
 garbage-first heap   total 126976K, used 19033K [0x0000000085200000, 0x0000000100000000)
  region size 1024K, 13 young (13312K), 2 survivors (2048K)
 Metaspace       used 11499K, capacity 11722K, committed 11904K, reserved 1060864K
  class space    used 1265K, capacity 1333K, committed 1408K, reserved 1048576K
}
Event: 4.345 GC heap after
{Heap after GC invocations=2 (full 0):
 garbage-first heap   total 126976K, used 8644K [0x0000000085200000, 0x0000000100000000)
  region size 1024K, 1 young (1024K), 1 survivors (1024K)
 Metaspace       used 11499K, capacity 11722K, committed 11904K, reserved 1060864K
  class space    used 1265K, capacity 1333K, committed 1408K, reserved 1048576K
}
Event: 5.855 GC heap before
{Heap before GC invocations=2 (full 0):
 garbage-first heap   total 126976K, used 13764K [0x0000000085200000, 0x0000000100000000)
  region size 1024K, 7 young (7168K), 1 survivors (1024K)
 Metaspace       used 13406K, capacity 13635K, committed 13696K, reserved 1067008K
  class space    used 1543K, capacity 1654K, committed 1664K, reserved 1048576K
}
Event: 5.859 GC heap after
{Heap after GC invocations=3 (full 0):
 garbage-first heap   total 126976K, used 8946K [0x0000000085200000, 0x0000000100000000)
  region size 1024K, 2 young (2048K), 2 survivors (2048K)
 Metaspace       used 13406K, capacity 13635K, committed 13696K, reserved 1067008K
  class space    used 1543K, capacity 1654K, committed 1664K, reserved 1048576K
}

